\BOOKMARK [0][-]{chapter.1}{\376\377\000P\000r\000e\000f\000a\000c\000e}{}% 1
\BOOKMARK [0][-]{chapter.2}{\376\377\000I\000n\000t\000r\000o\000d\000u\000c\000t\000i\000o\000n}{}% 2
\BOOKMARK [0][-]{chapter.3}{\376\377\000B\000a\000c\000k\000g\000r\000o\000u\000n\000d}{}% 3
\BOOKMARK [1][-]{section.3.1}{\376\377\000R\000e\000l\000a\000t\000i\000o\000n\000a\000l\000\040\000D\000a\000t\000a\000s\000e\000t\000s}{chapter.3}% 4
\BOOKMARK [2][-]{subsection.3.1.1}{\376\377\000G\000e\000o\000s\000p\000a\000t\000i\000a\000l\000\040\000D\000a\000t\000a\000s\000e\000t}{section.3.1}% 5
\BOOKMARK [1][-]{section.3.2}{\376\377\000G\000e\000o\000m\000e\000t\000r\000y\000\040\000D\000a\000t\000a\000\040\000T\000y\000p\000e\000s}{chapter.3}% 6
\BOOKMARK [1][-]{section.3.3}{\376\377\000G\000e\000o\000m\000e\000t\000r\000y\000\040\000D\000a\000t\000a\000\040\000V\000a\000l\000u\000e\000s}{chapter.3}% 7
\BOOKMARK [2][-]{subsection.3.3.1}{\376\377\000E\000m\000p\000t\000y}{section.3.3}% 8
\BOOKMARK [2][-]{subsection.3.3.2}{\376\377\000n\000u\000l\000l}{section.3.3}% 9
\BOOKMARK [1][-]{section.3.4}{\376\377\000Q\000G\000I\000S}{chapter.3}% 10
\BOOKMARK [2][-]{subsection.3.4.1}{\376\377\000Q\000G\000I\000S\000\040\000D\000a\000t\000a\000\040\000P\000r\000o\000v\000i\000d\000e\000r\000s}{section.3.4}% 11
\BOOKMARK [1][-]{section.3.5}{\376\377\000G\000I\000S\000\040\000P\000r\000o\000f\000e\000s\000s\000i\000o\000n\000a\000l\000\040\000A\000w\000a\000r\000e\000n\000e\000s\000s}{chapter.3}% 12
\BOOKMARK [2][-]{subsection.3.5.1}{\376\377\000E\000x\000p\000o\000s\000i\000n\000g\000\040\000n\000u\000l\000l\000\040\000o\000r\000\040\000E\000m\000p\000t\000y\000\040\000G\000e\000o\000m\000e\000t\000r\000y\000\040\000V\000a\000l\000u\000e\000s\000\040\000i\000n\000\040\000Q\000G\000I\000S}{section.3.5}% 13
\BOOKMARK [0][-]{chapter.4}{\376\377\000Q\000G\000I\000S\000\040\000D\000a\000t\000a\000\040\000P\000r\000o\000v\000i\000d\000e\000r\000\040\000D\000a\000t\000a\000\040\000P\000a\000r\000s\000i\000n\000g\000\040\000P\000r\000o\000b\000l\000e\000m\000s}{}% 14
\BOOKMARK [1][-]{section.4.1}{\376\377\000P\000a\000r\000s\000i\000n\000g\000\040\000G\000e\000o\000m\000e\000t\000r\000y\000\040\000D\000a\000t\000a\000\040\000T\000y\000p\000e\000s}{chapter.4}% 15
\BOOKMARK [2][-]{subsection.4.1.1}{\376\377\000D\000a\000t\000a\000\040\000P\000r\000o\000v\000i\000d\000e\000r\000\040\000G\000e\000o\000m\000e\000t\000r\000y\000\040\000T\000y\000p\000e\000\040\000E\000r\000r\000o\000r\000s}{section.4.1}% 16
\BOOKMARK [1][-]{section.4.2}{\376\377\000P\000a\000r\000s\000i\000n\000g\000\040\000E\000m\000p\000t\000y\000\040\000a\000n\000d\000\040\000n\000u\000l\000l\000\040\000G\000e\000o\000m\000e\000t\000r\000y\000\040\000D\000a\000t\000a\000\040\000V\000a\000l\000u\000e\000s}{chapter.4}% 17
\BOOKMARK [2][-]{subsection.4.2.1}{\376\377\000I\000n\000s\000t\000a\000n\000t\000i\000a\000t\000i\000o\000n\000\040\000o\000f\000\040\000E\000m\000p\000t\000y\000\040\000G\000e\000o\000m\000e\000t\000r\000y\000\040\000V\000a\000l\000u\000e\000s\000\040\000b\000y\000\040\000Q\000G\000I\000S}{section.4.2}% 18
\BOOKMARK [2][-]{subsection.4.2.2}{\376\377\000C\000h\000a\000n\000g\000i\000n\000g\000\040\000o\000f\000\040\000E\000m\000p\000t\000y\000\040\000d\000a\000t\000a\000\040\000V\000a\000l\000u\000e\000s\000\040\000b\000y\000\040\000p\000a\000r\000s\000i\000n\000g}{section.4.2}% 19
\BOOKMARK [2][-]{subsection.4.2.3}{\376\377\000I\000n\000a\000d\000v\000e\000r\000t\000e\000n\000t\000l\000y\000\040\000C\000r\000e\000a\000t\000i\000n\000g\000\040\000E\000m\000p\000t\000y\000\040\000G\000e\000o\000m\000e\000t\000r\000i\000e\000s\000\040\000w\000i\000t\000h\000i\000n\000\040\000Q\000G\000I\000S}{section.4.2}% 20
\BOOKMARK [2][-]{subsection.4.2.4}{\376\377\000I\000n\000s\000t\000a\000n\000t\000i\000a\000t\000i\000o\000n\000\040\000o\000f\000\040\000n\000u\000l\000l\000\040\000G\000e\000o\000m\000e\000t\000r\000y\000\040\000V\000a\000l\000u\000e\000s\000\040\000b\000y\000\040\000Q\000G\000I\000S}{section.4.2}% 21
\BOOKMARK [2][-]{subsection.4.2.5}{\376\377\000R\000e\000t\000r\000o\000s\000p\000e\000c\000t\000i\000v\000e\000\040\000I\000n\000c\000o\000r\000p\000o\000r\000a\000t\000i\000o\000n\000\040\000o\000f\000\040\000E\000m\000p\000t\000y\000\040\000a\000n\000d\000\040\000n\000u\000l\000l\000\040\000V\000a\000l\000u\000e\000s\000\040\000I\000n\000t\000o\000\040\000G\000D\000A\000L}{section.4.2}% 22
\BOOKMARK [0][-]{chapter.5}{\376\377\000A\000i\000m}{}% 23
\BOOKMARK [0][-]{chapter.6}{\376\377\000P\000l\000u\000g\000i\000n\000\040\000D\000e\000s\000i\000g\000n}{}% 24
\BOOKMARK [1][-]{section.6.1}{\376\377\000G\000e\000o\000m\000e\000t\000r\000y\000\040\000D\000e\000s\000c\000r\000i\000b\000i\000n\000g\000\040\000E\000x\000p\000r\000e\000s\000s\000i\000o\000n}{chapter.6}% 25
\BOOKMARK [1][-]{section.6.2}{\376\377\000A\000t\000t\000r\000i\000b\000u\000t\000e\000\040\000T\000a\000b\000l\000e\000\040\000C\000r\000e\000a\000t\000i\000o\000n}{chapter.6}% 26
\BOOKMARK [1][-]{section.6.3}{\376\377\000P\000u\000t\000t\000i\000n\000g\000\040\000I\000c\000o\000n\000s\000\040\000i\000n\000t\000o\000\040\000t\000h\000e\000\040\000A\000t\000t\000r\000i\000b\000u\000t\000e\000\040\000T\000a\000b\000l\000e}{chapter.6}% 27
\BOOKMARK [1][-]{section.6.4}{\376\377\000P\000l\000u\000g\000i\000n\000\040\000W\000i\000n\000d\000o\000w}{chapter.6}% 28
\BOOKMARK [1][-]{section.6.5}{\376\377\000P\000l\000u\000g\000i\000n\000\040\000H\000e\000l\000p\000\040\000F\000i\000l\000e\000s}{chapter.6}% 29
\BOOKMARK [1][-]{section.6.6}{\376\377\000F\000u\000t\000u\000r\000e\000\040\000D\000e\000v\000e\000l\000o\000p\000m\000e\000n\000t}{chapter.6}% 30
\BOOKMARK [0][-]{chapter.7}{\376\377\000T\000o\000o\000l\000s\000\040\000I\000n\000c\000l\000u\000d\000e\000d\000\040\000W\000i\000t\000h\000\040\000T\000h\000i\000s\000\040\000P\000l\000u\000g\000i\000n}{}% 31
\BOOKMARK [1][-]{section.7.1}{\376\377\000G\000e\000o\000m\000e\000t\000r\000y\000\040\000A\000t\000t\000r\000i\000b\000u\000t\000e\000\040\000T\000a\000b\000l\000e}{chapter.7}% 32
\BOOKMARK [2][-]{subsection.7.1.1}{\376\377\000U\000s\000e}{section.7.1}% 33
\BOOKMARK [1][-]{section.7.2}{\376\377\000L\000o\000a\000d\000\040\000D\000a\000t\000a}{chapter.7}% 34
\BOOKMARK [2][-]{subsection.7.2.1}{\376\377\000U\000s\000e}{section.7.2}% 35
\BOOKMARK [0][-]{chapter.8}{\376\377\000A\000P\000I}{}% 36
\BOOKMARK [1][-]{section.8.1}{\376\377\000m\000o\000d\000e\000l\000V\000e\000c\000t\000o\000r\000L\000a\000y\000e\000r\000s\000\040\000m\000o\000d\000u\000l\000e}{chapter.8}% 37
\BOOKMARK [1][-]{section.8.2}{\376\377\000p\000a\000r\000s\000e\000Q\000G\000I\000S\000G\000e\000o\000m\000e\000t\000r\000y\000\040\000m\000o\000d\000u\000l\000e}{chapter.8}% 38
\BOOKMARK [1][-]{section.8.3}{\376\377\000z\000i\000p\000G\000e\000o\000m\000A\000t\000t\000r\000i\000b\000u\000t\000e\000\040\000m\000o\000d\000u\000l\000e}{chapter.8}% 39
\BOOKMARK [0][-]{chapter.9}{\376\377\000C\000h\000a\000n\000g\000e\000l\000o\000g}{}% 40
\BOOKMARK [1][-]{section.9.1}{\376\377\000V\000e\000r\000s\000i\000o\000n\000\040\0000\000.\0001\000.\0000}{chapter.9}% 41
\BOOKMARK [1][-]{section.9.2}{\376\377\000V\000e\000r\000s\000i\000o\000n\000\040\0000\000.\0001\000.\0001}{chapter.9}% 42
\BOOKMARK [0][-]{chapter*.17}{\376\377\000B\000i\000b\000l\000i\000o\000g\000r\000a\000p\000h\000y}{}% 43
